<?xml version="1.0" encoding="utf-8"?><testsuites name="pytest tests"><testsuite name="pytest" errors="0" failures="0" skipped="0" tests="15" time="1.790" timestamp="2026-06-24T18:18:55.601289+00:00" hostname="agent-env-877e1de0-e988-47be-ae3d-531451a25e55"><testcase classname="backend.tests.backend_test.TestRoot" name="test_root" time="0.218" /><testcase classname="backend.tests.backend_test.TestStats" name="test_stats_returns_count" time="0.055" /><testcase classname="backend.tests.backend_test.TestCertificateIssuance" name="test_issue_chain_two_certificates" time="0.103" /><testcase classname="backend.tests.backend_test.TestCertificateIssuance" name="test_issue_rejects_short_name" time="0.058" /><testcase classname="backend.tests.backend_test.TestVerify" name="test_verify_valid_serial" time="0.099" /><testcase classname="backend.tests.backend_test.TestVerify" name="test_verify_founder_serial" time="0.050" /><testcase classname="backend.tests.backend_test.TestVerify" name="test_verify_invalid_serial" time="0.044" /><testcase classname="backend.tests.backend_test.TestLedgerIntegrity" name="test_integrity_intact" time="0.123" /><testcase classname="backend.tests.backend_test.TestTeacherGate" name="test_unlock_invalid_serial_403" time="0.047" /><testcase classname="backend.tests.backend_test.TestTeacherGate" name="test_unlock_valid_serial_returns_token" time="0.056" /><testcase classname="backend.tests.backend_test.TestTeacherGate" name="test_content_without_token_401" time="0.129" /><testcase classname="backend.tests.backend_test.TestTeacherGate" name="test_content_with_token_returns_guide" time="0.188" /><testcase classname="backend.tests.backend_test.TestTeacherGate" name="test_pdf_without_token_401" time="0.096" /><testcase classname="backend.tests.backend_test.TestTeacherGate" name="test_pdf_with_token_returns_pdf" time="0.231" /><testcase classname="backend.tests.backend_test.TestDownloadsPdf" name="test_student_pdf_no_auth" time="0.051" /></testsuite></testsuites>