<?xml version="1.0" encoding="utf-8"?><testsuites name="pytest tests"><testsuite name="pytest" errors="0" failures="0" skipped="0" tests="9" time="1.086" timestamp="2026-06-24T17:28:23.737942+00:00" hostname="agent-env-877e1de0-e988-47be-ae3d-531451a25e55"><testcase classname="backend.tests.backend_test.TestRoot" name="test_root" time="0.302" /><testcase classname="backend.tests.backend_test.TestStats" name="test_stats_returns_count" time="0.058" /><testcase classname="backend.tests.backend_test.TestCertificateIssuance" name="test_issue_chain_two_certificates" time="0.117" /><testcase classname="backend.tests.backend_test.TestCertificateIssuance" name="test_issue_rejects_short_name" time="0.049" /><testcase classname="backend.tests.backend_test.TestVerify" name="test_verify_valid_serial" time="0.111" /><testcase classname="backend.tests.backend_test.TestVerify" name="test_verify_founder_serial" time="0.060" /><testcase classname="backend.tests.backend_test.TestVerify" name="test_verify_invalid_serial" time="0.047" /><testcase classname="backend.tests.backend_test.TestLedgerIntegrity" name="test_integrity_intact" time="0.097" /><testcase classname="backend.tests.backend_test.TestLedgerIntegrity" name="test_stats_matches_integrity_total" time="0.101" /></testsuite></testsuites>